app/build/outputs/logs/manifest-merger-debug-report.txt
-- Merging decision tree log ---
manifest
ADDED from src\main\AndroidManifest.xml:2:1-109:12
	package
		ADDED from src\main\AndroidManifest.xml:3:5-45
		INJECTED from src\main\AndroidManifest.xml
		INJECTED from src\main\AndroidManifest.xml
	android:versionName
		ADDED from src\main\AndroidManifest.xml:5:5-30
		INJECTED from src\main\AndroidManifest.xml
		INJECTED from src\main\AndroidManifest.xml
	android:versionCode
		ADDED from src\main\AndroidManifest.xml:4:5-28
		INJECTED from src\main\AndroidManifest.xml
		INJECTED from src\main\AndroidManifest.xml
	xmlns:android
		ADDED from src\main\AndroidManifest.xml:2:11-69
uses-sdk
ADDED from src\main\AndroidManifest.xml:7:5-9:41
	android:targetSdkVersion
		ADDED from src\main\AndroidManifest.xml:9:9-38
		INJECTED from src\main\AndroidManifest.xml
		INJECTED from src\main\AndroidManifest.xml
	android:minSdkVersion
		ADDED from src\main\AndroidManifest.xml:8:9-35
		INJECTED from src\main\AndroidManifest.xml
		INJECTED from src\main\AndroidManifest.xml
application
ADDED from src\main\AndroidManifest.xml:11:5-108:19
	android:label
		ADDED from src\main\AndroidManifest.xml:13:9-41
	android:allowBackup
		ADDED from src\main\AndroidManifest.xml:14:9-35
	android:icon
		ADDED from src\main\AndroidManifest.xml:12:9-43
activity#de.lieleisoft.chemievolumetrie.HauptmenueActivity
ADDED from src\main\AndroidManifest.xml:16:9-24:20
	android:label
		ADDED from src\main\AndroidManifest.xml:18:13-45
	android:name
		ADDED from src\main\AndroidManifest.xml:17:13-77
intent-filter#android.intent.action.MAIN+android.intent.category.LAUNCHER
ADDED from src\main\AndroidManifest.xml:20:13-23:29
action#android.intent.action.MAIN
ADDED from src\main\AndroidManifest.xml:21:17-68
	android:name
		ADDED from src\main\AndroidManifest.xml:21:25-66
category#android.intent.category.LAUNCHER
ADDED from src\main\AndroidManifest.xml:22:17-76
	android:name
		ADDED from src\main\AndroidManifest.xml:22:27-74
activity#de.lieleisoft.chemievolumetrie.HilfeActivity
ADDED from src\main\AndroidManifest.xml:26:9-28:20
	android:windowSoftInputMode
		ADDED from src\main\AndroidManifest.xml:27:73-114
	android:name
		ADDED from src\main\AndroidManifest.xml:27:13-72
activity#de.lieleisoft.chemievolumetrie.EinstellungenActivity
ADDED from src\main\AndroidManifest.xml:30:9-32:20
	android:windowSoftInputMode
		ADDED from src\main\AndroidManifest.xml:31:81-122
	android:name
		ADDED from src\main\AndroidManifest.xml:31:13-80
activity#de.lieleisoft.chemievolumetrie.EinwaageActivity
ADDED from src\main\AndroidManifest.xml:34:9-36:20
	android:windowSoftInputMode
		ADDED from src\main\AndroidManifest.xml:35:76-118
	android:name
		ADDED from src\main\AndroidManifest.xml:35:13-75
activity#de.lieleisoft.chemievolumetrie.TiterEingabenActivity
ADDED from src\main\AndroidManifest.xml:38:9-40:20
	android:windowSoftInputMode
		ADDED from src\main\AndroidManifest.xml:39:81-123
	android:name
		ADDED from src\main\AndroidManifest.xml:39:13-80
activity#de.lieleisoft.chemievolumetrie.VolumetrieActivity
ADDED from src\main\AndroidManifest.xml:42:9-44:20
	android:windowSoftInputMode
		ADDED from src\main\AndroidManifest.xml:43:78-120
	android:name
		ADDED from src\main\AndroidManifest.xml:43:13-77
activity#de.lieleisoft.chemievolumetrie.VolumetrieBWActivity
ADDED from src\main\AndroidManifest.xml:46:9-48:20
	android:windowSoftInputMode
		ADDED from src\main\AndroidManifest.xml:47:80-122
	android:name
		ADDED from src\main\AndroidManifest.xml:47:13-79
activity#de.lieleisoft.chemievolumetrie.BerechnungActivity
ADDED from src\main\AndroidManifest.xml:50:9-52:20
	android:windowSoftInputMode
		ADDED from src\main\AndroidManifest.xml:51:78-119
	android:name
		ADDED from src\main\AndroidManifest.xml:51:13-77
activity#de.lieleisoft.chemievolumetrie.BerechnungTiterActivity
ADDED from src\main\AndroidManifest.xml:54:9-56:20
	android:windowSoftInputMode
		ADDED from src\main\AndroidManifest.xml:55:83-124
	android:name
		ADDED from src\main\AndroidManifest.xml:55:13-82
activity#de.lieleisoft.chemievolumetrie.BerechnungFettkennzahlActivity
ADDED from src\main\AndroidManifest.xml:58:9-60:20
	android:windowSoftInputMode
		ADDED from src\main\AndroidManifest.xml:59:90-131
	android:name
		ADDED from src\main\AndroidManifest.xml:59:13-89
activity#de.lieleisoft.chemievolumetrie.VolumetrieVorlageActivity
ADDED from src\main\AndroidManifest.xml:62:9-64:20
	android:windowSoftInputMode
		ADDED from src\main\AndroidManifest.xml:63:85-127
	android:name
		ADDED from src\main\AndroidManifest.xml:63:13-84
activity#de.lieleisoft.chemievolumetrie.FettkennzahlenActivity
ADDED from src\main\AndroidManifest.xml:66:9-68:20
	android:windowSoftInputMode
		ADDED from src\main\AndroidManifest.xml:67:82-123
	android:name
		ADDED from src\main\AndroidManifest.xml:67:13-81
activity#de.lieleisoft.chemievolumetrie.FaktorActivity
ADDED from src\main\AndroidManifest.xml:70:9-72:20
	android:windowSoftInputMode
		ADDED from src\main\AndroidManifest.xml:71:74-116
	android:name
		ADDED from src\main\AndroidManifest.xml:71:13-73
activity#de.lieleisoft.chemievolumetrie.MolmassenActivity
ADDED from src\main\AndroidManifest.xml:74:9-76:20
	android:windowSoftInputMode
		ADDED from src\main\AndroidManifest.xml:75:77-118
	android:name
		ADDED from src\main\AndroidManifest.xml:75:13-76
activity#de.lieleisoft.chemievolumetrie.GleichungActivity
ADDED from src\main\AndroidManifest.xml:78:9-80:20
	android:windowSoftInputMode
		ADDED from src\main\AndroidManifest.xml:79:77-118
	android:name
		ADDED from src\main\AndroidManifest.xml:79:13-76
activity#de.lieleisoft.chemievolumetrie.MolaritaetActivity
ADDED from src\main\AndroidManifest.xml:82:9-84:20
	android:windowSoftInputMode
		ADDED from src\main\AndroidManifest.xml:83:78-120
	android:name
		ADDED from src\main\AndroidManifest.xml:83:13-77
activity#de.lieleisoft.chemievolumetrie.List_Masslsg_Activity
ADDED from src\main\AndroidManifest.xml:86:9-88:20
	android:windowSoftInputMode
		ADDED from src\main\AndroidManifest.xml:87:81-122
	android:name
		ADDED from src\main\AndroidManifest.xml:87:13-80
activity#de.lieleisoft.chemievolumetrie.List_Stoff_Activity
ADDED from src\main\AndroidManifest.xml:90:9-92:20
	android:windowSoftInputMode
		ADDED from src\main\AndroidManifest.xml:91:79-120
	android:name
		ADDED from src\main\AndroidManifest.xml:91:13-78
activity#de.lieleisoft.chemievolumetrie.Konz_Masslsg_Activity
ADDED from src\main\AndroidManifest.xml:94:9-96:20
	android:windowSoftInputMode
		ADDED from src\main\AndroidManifest.xml:95:81-123
	android:name
		ADDED from src\main\AndroidManifest.xml:95:13-80
activity#de.lieleisoft.chemievolumetrie.AcidValueActivity
ADDED from src\main\AndroidManifest.xml:98:9-100:20
	android:windowSoftInputMode
		ADDED from src\main\AndroidManifest.xml:99:77-119
	android:name
		ADDED from src\main\AndroidManifest.xml:99:13-76
activity#de.lieleisoft.chemievolumetrie.ImpressumActivity
ADDED from src\main\AndroidManifest.xml:102:9-104:20
	android:name
		ADDED from src\main\AndroidManifest.xml:103:13-76